app/build/intermediates/manifest_merge_blame_file/debug/manifest-merger-blame-debug-report.txt
1<?xml version="1.0" encoding="utf-8"?>
2<!-- suppress AndroidDomInspection -->
3<manifest xmlns:android="http://schemas.android.com/apk/res/android"
4    package="pdf.pdftool"
5    android:versionCode="1"
6    android:versionName="1.0" >
7
8    <uses-sdk
9        android:minSdkVersion="21"
9-->src\main\AndroidManifest.xml
10        android:targetSdkVersion="31" />
10-->src\main\AndroidManifest.xml
11
12    <uses-permission android:name="android.permission.WRITE_EXTERNAL_STORAGE" />
12-->src\main\AndroidManifest.xml:6:5-81
12-->src\main\AndroidManifest.xml:6:22-78
13    <uses-permission android:name="android.permission.READ_EXTERNAL_STORAGE" />
13-->src\main\AndroidManifest.xml:7:5-80
13-->src\main\AndroidManifest.xml:7:22-77
14
15    <uses-feature android:name="android.hardware.camera" />
15-->src\main\AndroidManifest.xml:9:5-60
15-->src\main\AndroidManifest.xml:9:19-57
16    <uses-feature
16-->src\main\AndroidManifest.xml:10:5-12:36
17        android:name="android.hardware.camera.autofocus"
17-->src\main\AndroidManifest.xml:11:9-57
18        android:required="false" />
18-->src\main\AndroidManifest.xml:12:9-33
19
20    <uses-permission android:name="android.permission.CAMERA" />
20-->src\main\AndroidManifest.xml:14:5-65
20-->src\main\AndroidManifest.xml:14:22-62
21
22    <uses-feature
22-->[com.journeyapps:zxing-android-embedded:3.4.0] AndroidManifest.xml:27:5-29:36
23        android:name="android.hardware.camera.front"
23-->[com.journeyapps:zxing-android-embedded:3.4.0] AndroidManifest.xml:28:9-53
24        android:required="false" />
24-->[com.journeyapps:zxing-android-embedded:3.4.0] AndroidManifest.xml:29:9-33
25    <uses-feature
25-->[com.journeyapps:zxing-android-embedded:3.4.0] AndroidManifest.xml:35:5-37:36
26        android:name="android.hardware.camera.flash"
26-->[com.journeyapps:zxing-android-embedded:3.4.0] AndroidManifest.xml:36:9-53
27        android:required="false" />
27-->[com.journeyapps:zxing-android-embedded:3.4.0] AndroidManifest.xml:37:9-33
28    <uses-feature
28-->[com.journeyapps:zxing-android-embedded:3.4.0] AndroidManifest.xml:38:5-40:36
29        android:name="android.hardware.screen.landscape"
29-->[com.journeyapps:zxing-android-embedded:3.4.0] AndroidManifest.xml:39:9-57
30        android:required="false" />
30-->[com.journeyapps:zxing-android-embedded:3.4.0] AndroidManifest.xml:40:9-33
31    <uses-feature
31-->[com.journeyapps:zxing-android-embedded:3.4.0] AndroidManifest.xml:41:5-43:36
32        android:name="android.hardware.wifi"
32-->[com.journeyapps:zxing-android-embedded:3.4.0] AndroidManifest.xml:42:9-45
33        android:required="false" />
33-->[com.journeyapps:zxing-android-embedded:3.4.0] AndroidManifest.xml:43:9-33
34
35    <uses-permission android:name="android.permission.INTERNET" />
35-->[com.facebook.android:audience-network-sdk:5.11.0] AndroidManifest.xml:11:5-67
35-->[com.facebook.android:audience-network-sdk:5.11.0] AndroidManifest.xml:11:22-64
36    <uses-permission android:name="android.permission.ACCESS_NETWORK_STATE" />
36-->[com.facebook.android:audience-network-sdk:5.11.0] AndroidManifest.xml:12:5-79
36-->[com.facebook.android:audience-network-sdk:5.11.0] AndroidManifest.xml:12:22-76
37    <uses-permission android:name="android.permission.WAKE_LOCK" />
37-->[com.google.android.gms:play-services-measurement-sdk-api:17.2.0] AndroidManifest.xml:25:5-68
37-->[com.google.android.gms:play-services-measurement-sdk-api:17.2.0] AndroidManifest.xml:25:22-65
38
39    <application
39-->src\main\AndroidManifest.xml:16:5-96:19
40        android:name="pdf.pdftool.util.PDFApplication"
40-->src\main\AndroidManifest.xml:17:9-44
41        android:allowBackup="true"
41-->src\main\AndroidManifest.xml:18:9-35
42        android:appComponentFactory="androidx.core.app.CoreComponentFactory"
42-->[androidx.core:core:1.3.0] AndroidManifest.xml:24:18-86
43        android:debuggable="true"
44        android:fullBackupContent="@xml/backup_descriptor"
44-->src\main\AndroidManifest.xml:19:9-59
45        android:hardwareAccelerated="true"
45-->src\main\AndroidManifest.xml:20:9-43
46        android:icon="@drawable/app_icon"
46-->src\main\AndroidManifest.xml:21:9-42
47        android:label="@string/app_name"
47-->src\main\AndroidManifest.xml:22:9-41
48        android:largeHeap="true"
48-->src\main\AndroidManifest.xml:24:9-33
49        android:requestLegacyExternalStorage="true"
49-->src\main\AndroidManifest.xml:25:9-52
50        android:roundIcon="@drawable/ic_launcher_round"
50-->src\main\AndroidManifest.xml:23:9-56
51        android:supportsRtl="true"
51-->src\main\AndroidManifest.xml:26:9-35
52        android:testOnly="true"
53        android:theme="@style/AppThemeWhite" >
53-->src\main\AndroidManifest.xml:27:9-45
54
55        <!-- Sample AdMob App ID: ca-app-pub-3940256099942544~3347511713 -->
56        <meta-data
56-->src\main\AndroidManifest.xml:30:9-32:51
57            android:name="com.google.android.gms.ads.APPLICATION_ID"
57-->src\main\AndroidManifest.xml:31:13-69
58            android:value="@string/Admob_app_id" />
58-->src\main\AndroidManifest.xml:32:13-49
59
60        <activity
60-->src\main\AndroidManifest.xml:34:9-37:59
61            android:name="com.theartofdev.edmodo.cropper.CropImageActivity"
61-->src\main\AndroidManifest.xml:36:13-76
62            android:exported="false"
62-->src\main\AndroidManifest.xml:35:13-37
63            android:theme="@style/Base.Theme.AppCompat" />
63-->src\main\AndroidManifest.xml:37:13-56
64        <activity
64-->src\main\AndroidManifest.xml:38:9-65:20
65            android:name="pdf.pdftool.activity.MainActivity"
65-->src\main\AndroidManifest.xml:40:13-61
66            android:exported="true"
66-->src\main\AndroidManifest.xml:39:13-36
67            android:label="@string/app_name"
67-->src\main\AndroidManifest.xml:41:13-45
68            android:screenOrientation="portrait"
68-->src\main\AndroidManifest.xml:42:13-49
69            android:windowSoftInputMode="adjustPan" >
69-->src\main\AndroidManifest.xml:43:13-52
70            <intent-filter>
70-->src\main\AndroidManifest.xml:44:13-48:29
71                <action android:name="android.intent.action.MAIN" />
71-->src\main\AndroidManifest.xml:45:17-69
71-->src\main\AndroidManifest.xml:45:25-66
72
73                <category android:name="android.intent.category.LAUNCHER" />
73-->src\main\AndroidManifest.xml:47:17-77
73-->src\main\AndroidManifest.xml:47:27-74
74            </intent-filter>
75            <intent-filter>
75-->src\main\AndroidManifest.xml:50:13-54:29
76                <action android:name="android.intent.action.SEND_MULTIPLE" />
76-->src\main\AndroidManifest.xml:51:17-78
76-->src\main\AndroidManifest.xml:51:25-75
77
78                <category android:name="android.intent.category.DEFAULT" />
78-->src\main\AndroidManifest.xml:52:17-76
78-->src\main\AndroidManifest.xml:52:27-73
79
80                <data android:mimeType="image/*" />
80-->src\main\AndroidManifest.xml:53:17-52
80-->src\main\AndroidManifest.xml:53:23-49
81            </intent-filter>
82            <intent-filter>
82-->src\main\AndroidManifest.xml:56:13-60:29
83                <action android:name="android.intent.action.SEND" />
83-->src\main\AndroidManifest.xml:57:17-69
83-->src\main\AndroidManifest.xml:57:25-66
84
85                <category android:name="android.intent.category.DEFAULT" />
85-->src\main\AndroidManifest.xml:52:17-76
85-->src\main\AndroidManifest.xml:52:27-73
86
87                <data android:mimeType="image/*" />
87-->src\main\AndroidManifest.xml:53:17-52
87-->src\main\AndroidManifest.xml:53:23-49
88            </intent-filter>
89
90            <meta-data
90-->src\main\AndroidManifest.xml:62:13-64:53
91                android:name="android.app.shortcuts"
91-->src\main\AndroidManifest.xml:63:17-53
92                android:resource="@xml/shortcuts" />
92-->src\main\AndroidManifest.xml:64:17-50
93        </activity>
94        <activity
94-->src\main\AndroidManifest.xml:66:9-68:69
95            android:name="pdf.pdftool.activity.CropImageActivity"
95-->src\main\AndroidManifest.xml:68:13-66
96            android:exported="true" />
96-->src\main\AndroidManifest.xml:67:13-36
97
98        <provider
98-->src\main\AndroidManifest.xml:70:9-78:20
99            android:name="androidx.core.content.FileProvider"
99-->src\main\AndroidManifest.xml:71:13-62
100            android:authorities="com.pdf.pdftool"
100-->src\main\AndroidManifest.xml:72:13-50
101            android:exported="false"
101-->src\main\AndroidManifest.xml:73:13-37
102            android:grantUriPermissions="true" >
102-->src\main\AndroidManifest.xml:74:13-47
103            <meta-data
103-->src\main\AndroidManifest.xml:75:13-77:58
104                android:name="android.support.FILE_PROVIDER_PATHS"
104-->src\main\AndroidManifest.xml:76:17-67
105                android:resource="@xml/provider_paths" />
105-->src\main\AndroidManifest.xml:77:17-55
106        </provider>
107
108        <activity
108-->src\main\AndroidManifest.xml:80:9-82:67
109            android:name="pdf.pdftool.activity.WelcomeActivity"
109-->src\main\AndroidManifest.xml:82:13-64
110            android:exported="false" />
110-->src\main\AndroidManifest.xml:81:13-37
111        <activity
111-->src\main\AndroidManifest.xml:83:9-84:63
112            android:name="pdf.pdftool.activity.ImageEditor"
112-->src\main\AndroidManifest.xml:84:13-60
113            android:exported="false" />
113-->src\main\AndroidManifest.xml:83:19-43
114        <activity
114-->src\main\AndroidManifest.xml:85:9-86:67
115            android:name="pdf.pdftool.activity.PreviewActivity"
115-->src\main\AndroidManifest.xml:86:13-64
116            android:exported="false" />
116-->src\main\AndroidManifest.xml:85:19-43
117        <activity
117-->src\main\AndroidManifest.xml:87:9-88:67
118            android:name="pdf.pdftool.activity.RearrangeImages"
118-->src\main\AndroidManifest.xml:88:13-64
119            android:exported="false" />
119-->src\main\AndroidManifest.xml:87:19-43
120        <activity
120-->src\main\AndroidManifest.xml:89:9-90:73
121            android:name="pdf.pdftool.activity.ImagesPreviewActivity"
121-->src\main\AndroidManifest.xml:90:13-70
122            android:exported="false" />
122-->src\main\AndroidManifest.xml:89:19-43
123        <activity
123-->src\main\AndroidManifest.xml:91:9-92:69
124            android:name="pdf.pdftool.activity.RearrangePdfPages"
124-->src\main\AndroidManifest.xml:92:13-66
125            android:exported="false" />
125-->src\main\AndroidManifest.xml:91:19-43
126        <activity
126-->src\main\AndroidManifest.xml:93:9-94:69
127            android:name="pdf.pdftool.activity.FavouritesActivity"
127-->src\main\AndroidManifest.xml:94:13-67
128            android:exported="false" />
128-->src\main\AndroidManifest.xml:93:19-43
129        <activity android:name="com.zhihu.matisse.ui.MatisseActivity" />
129-->[com.zhihu.android:matisse:0.5.3-beta3] AndroidManifest.xml:28:9-73
129-->[com.zhihu.android:matisse:0.5.3-beta3] AndroidManifest.xml:28:19-70
130        <activity android:name="com.zhihu.matisse.internal.ui.AlbumPreviewActivity" />
130-->[com.zhihu.android:matisse:0.5.3-beta3] AndroidManifest.xml:29:9-87
130-->[com.zhihu.android:matisse:0.5.3-beta3] AndroidManifest.xml:29:19-84
131        <activity android:name="com.zhihu.matisse.internal.ui.SelectedPreviewActivity" />
131-->[com.zhihu.android:matisse:0.5.3-beta3] AndroidManifest.xml:30:9-90
131-->[com.zhihu.android:matisse:0.5.3-beta3] AndroidManifest.xml:30:19-87
132        <activity
132-->[com.journeyapps:zxing-android-embedded:3.4.0] AndroidManifest.xml:46:9-52:63
133            android:name="com.journeyapps.barcodescanner.CaptureActivity"
133-->[com.journeyapps:zxing-android-embedded:3.4.0] AndroidManifest.xml:47:13-74
134            android:clearTaskOnLaunch="true"
134-->[com.journeyapps:zxing-android-embedded:3.4.0] AndroidManifest.xml:48:13-45
135            android:screenOrientation="sensorLandscape"
135-->[com.journeyapps:zxing-android-embedded:3.4.0] AndroidManifest.xml:49:13-56
136            android:stateNotNeeded="true"
136-->[com.journeyapps:zxing-android-embedded:3.4.0] AndroidManifest.xml:50:13-42
137            android:theme="@style/zxing_CaptureTheme"
137-->[com.journeyapps:zxing-android-embedded:3.4.0] AndroidManifest.xml:51:13-54
138            android:windowSoftInputMode="stateAlwaysHidden" />
138-->[com.journeyapps:zxing-android-embedded:3.4.0] AndroidManifest.xml:52:13-60
139        <activity
139-->[com.facebook.android:audience-network-sdk:5.11.0] AndroidManifest.xml:15:9-19:75
140            android:name="com.facebook.ads.AudienceNetworkActivity"
140-->[com.facebook.android:audience-network-sdk:5.11.0] AndroidManifest.xml:16:13-68
141            android:configChanges="keyboardHidden|orientation|screenSize"
141-->[com.facebook.android:audience-network-sdk:5.11.0] AndroidManifest.xml:17:13-74
142            android:exported="false"
142-->[com.facebook.android:audience-network-sdk:5.11.0] AndroidManifest.xml:18:13-37
143            android:theme="@android:style/Theme.Translucent.NoTitleBar" />
143-->[com.facebook.android:audience-network-sdk:5.11.0] AndroidManifest.xml:19:13-72
144
145        <provider
145-->[com.facebook.android:audience-network-sdk:5.11.0] AndroidManifest.xml:21:9-24:40
146            android:name="com.facebook.ads.AudienceNetworkContentProvider"
146-->[com.facebook.android:audience-network-sdk:5.11.0] AndroidManifest.xml:22:13-75
147            android:authorities="pdf.pdftool.AudienceNetworkContentProvider"
147-->[com.facebook.android:audience-network-sdk:5.11.0] AndroidManifest.xml:23:13-82
148            android:exported="false" /> <!-- Include the AdActivity and InAppPurchaseActivity configChanges and themes. -->
148-->[com.facebook.android:audience-network-sdk:5.11.0] AndroidManifest.xml:24:13-37
149        <activity
149-->[com.google.android.gms:play-services-ads-lite:19.4.0] AndroidManifest.xml:29:9-33:64
150            android:name="com.google.android.gms.ads.AdActivity"
150-->[com.google.android.gms:play-services-ads-lite:19.4.0] AndroidManifest.xml:30:13-65
151            android:configChanges="keyboard|keyboardHidden|orientation|screenLayout|uiMode|screenSize|smallestScreenSize"
151-->[com.google.android.gms:play-services-ads-lite:19.4.0] AndroidManifest.xml:31:13-122
152            android:exported="false"
152-->[com.google.android.gms:play-services-ads-lite:19.4.0] AndroidManifest.xml:32:13-37
153            android:theme="@android:style/Theme.Translucent" />
153-->[com.google.android.gms:play-services-ads-lite:19.4.0] AndroidManifest.xml:33:13-61
154
155        <provider
155-->[com.google.android.gms:play-services-ads-lite:19.4.0] AndroidManifest.xml:35:9-39:39
156            android:name="com.google.android.gms.ads.MobileAdsInitProvider"
156-->[com.google.android.gms:play-services-ads-lite:19.4.0] AndroidManifest.xml:36:13-76
157            android:authorities="pdf.pdftool.mobileadsinitprovider"
157-->[com.google.android.gms:play-services-ads-lite:19.4.0] AndroidManifest.xml:37:13-73
158            android:exported="false"
158-->[com.google.android.gms:play-services-ads-lite:19.4.0] AndroidManifest.xml:38:13-37
159            android:initOrder="100" />
159-->[com.google.android.gms:play-services-ads-lite:19.4.0] AndroidManifest.xml:39:13-36
160
161        <service
161-->[com.google.android.gms:play-services-ads-lite:19.4.0] AndroidManifest.xml:41:9-44:40
162            android:name="com.google.android.gms.ads.AdService"
162-->[com.google.android.gms:play-services-ads-lite:19.4.0] AndroidManifest.xml:42:13-64
163            android:enabled="true"
163-->[com.google.android.gms:play-services-ads-lite:19.4.0] AndroidManifest.xml:43:13-35
164            android:exported="false" />
164-->[com.google.android.gms:play-services-ads-lite:19.4.0] AndroidManifest.xml:44:13-37
165
166        <meta-data
166-->[com.google.android.gms:play-services-basement:17.3.0] AndroidManifest.xml:23:9-25:69
167            android:name="com.google.android.gms.version"
167-->[com.google.android.gms:play-services-basement:17.3.0] AndroidManifest.xml:24:13-58
168            android:value="@integer/google_play_services_version" />
168-->[com.google.android.gms:play-services-basement:17.3.0] AndroidManifest.xml:25:13-66
169
170        <activity
170-->[lib.kashif:folderpicker:2.4] AndroidManifest.xml:15:9-17:52
171            android:name="lib.folderpicker.FolderPicker"
171-->[lib.kashif:folderpicker:2.4] AndroidManifest.xml:16:13-57
172            android:screenOrientation="portrait" />
172-->[lib.kashif:folderpicker:2.4] AndroidManifest.xml:17:13-49
173    </application>
174
175</manifest>